20/11/2019 07:00:55 INFO  (ArgumentHandler.java:32)   - Setting commandline options --------- 
20/11/2019 07:00:55 INFO  (ArgumentHandler.java:124)   - Test run set options : 

{
	browser:	chrome,
	run_env:	local,
	os:	linux,
	mobile_web:	null,
	mobile_native:	null,
	testngxml:	testplan,
	extend_report:	yes,
	testrail_trun_name:	null,
	isHeadles:	false,
	isApiTest:	false
}
20/11/2019 07:00:56 INFO  (ReadCSVFile.java:43)   - Getting data from csv at :./testdata/testLoginInvalid.csv
20/11/2019 07:00:56 INFO  (ReadCSVFile.java:43)   - Getting data from csv at :./testdata/testLoginInvalid.csv
20/11/2019 07:01:09 INFO  (EventHandler.java:107)   - Clicked on button - php_travels_home:MY ACCOUNT DROPDOWN
20/11/2019 07:01:09 INFO  (EventHandler.java:107)   - Clicked on button - php_travels_home:MY ACCOUNT DROPDOWN
20/11/2019 07:01:10 INFO  (EventHandler.java:107)   - Clicked on button - php_travels_home:LOGIN LINK
20/11/2019 07:01:11 INFO  (EventHandler.java:107)   - Clicked on button - php_travels_home:LOGIN LINK
20/11/2019 07:01:11 INFO  (EventHandler.java:118)   - Typed on element - php_travels_login:USERNAME FIELD
20/11/2019 07:01:11 INFO  (EventHandler.java:118)   - Typed on element - php_travels_login:USERNAME FIELD
20/11/2019 07:01:11 INFO  (EventHandler.java:118)   - Typed on element - php_travels_login:PASSWORD FIELD
20/11/2019 07:01:11 INFO  (EventHandler.java:118)   - Typed on element - php_travels_login:PASSWORD FIELD
20/11/2019 07:01:11 INFO  (EventHandler.java:107)   - Clicked on button - php_travels_login:LOGIN BUTTON
20/11/2019 07:01:11 INFO  (EventHandler.java:107)   - Clicked on button - php_travels_login:LOGIN BUTTON
